[0.028s] Invoking command in '/home/ros/colcon_ws/build/q4d_teleop': CMAKE_PREFIX_PATH=${CMAKE_PREFIX_PATH}:/opt/ros/humble /usr/bin/cmake --build /home/ros/colcon_ws/build/q4d_teleop -- -j3 -l3
[0.075s] [35m[1mConsolidate compiler generated dependencies of target q4d_teleop_rviz[0m
[0.095s] [ 50%] [32mBuilding CXX object CMakeFiles/q4d_teleop_rviz.dir/src/q4d_teleop_rviz.cpp.o[0m
[3.059s] [01m[K/home/ros/colcon_ws/src/q4d_teleop/src/q4d_teleop_rviz.cpp:[m[K In member function â€˜[01m[Kvoid Q4dTeleop::clickCB(geometry_msgs::msg::PoseStamped_<std::allocator<void> >::SharedPtr)[m[Kâ€™:
[3.059s] [01m[K/home/ros/colcon_ws/src/q4d_teleop/src/q4d_teleop_rviz.cpp:121:9:[m[K [01;31m[Kerror: [m[Kâ€˜[01m[Kgoal[m[Kâ€™ was not declared in this scope; did you mean â€˜[01m[Kgoal_[m[Kâ€™?
[3.059s]   121 |         [01;31m[Kgoal[m[K = KDL::Frame(KDL::Rotation::Quaternion(click->pose.orientation.x,
[3.059s]       |         [01;31m[K^~~~[m[K
[3.060s]       |         [32m[Kgoal_[m[K
[3.068s] [01m[K/home/ros/colcon_ws/src/q4d_teleop/src/q4d_teleop_rviz.cpp:125:45:[m[K [01;31m[Kerror: [m[Kâ€˜[01m[Kpose[m[Kâ€™ was not declared in this scope
[3.068s]   125 |                           KDL::Vector(click>[01;31m[Kpose[m[K.position.x,click>pose.position.y,click->pose.position.z));
[3.068s]       |                                             [01;31m[K^~~~[m[K
[6.382s] gmake[2]: *** [CMakeFiles/q4d_teleop_rviz.dir/build.make:76: CMakeFiles/q4d_teleop_rviz.dir/src/q4d_teleop_rviz.cpp.o] Error 1
[6.382s] gmake[1]: *** [CMakeFiles/Makefile2:137: CMakeFiles/q4d_teleop_rviz.dir/all] Error 2
[6.382s] gmake: *** [Makefile:146: all] Error 2
[6.384s] Invoked command in '/home/ros/colcon_ws/build/q4d_teleop' returned '2': CMAKE_PREFIX_PATH=${CMAKE_PREFIX_PATH}:/opt/ros/humble /usr/bin/cmake --build /home/ros/colcon_ws/build/q4d_teleop -- -j3 -l3
