[0.029s] Invoking command in '/home/ros/colcon_ws/build/q4d_teleop': CMAKE_PREFIX_PATH=${CMAKE_PREFIX_PATH}:/opt/ros/humble /usr/bin/cmake --build /home/ros/colcon_ws/build/q4d_teleop -- -j3 -l3
[0.063s] [35m[1mConsolidate compiler generated dependencies of target q4d_teleop_rviz[0m
[0.083s] [ 50%] [32mBuilding CXX object CMakeFiles/q4d_teleop_rviz.dir/src/q4d_teleop_rviz.cpp.o[0m
[3.086s] [01m[K/home/ros/colcon_ws/src/q4d_teleop/src/q4d_teleop_rviz.cpp:50:45:[m[K [01;31m[Kerror: [m[Kâ€˜[01m[KJointState[m[Kâ€™ is not a member of â€˜[01m[Kstd_msgs::msg[m[Kâ€™; did you mean â€˜[01m[Ksensor_msgs::msg::JointState[m[Kâ€™?
[3.086s]    50 |         rclcpp::Subscription<std_msgs::msg::[01;31m[KJointState[m[K>::SharedPtr grpSub_;
[3.087s]       |                                             [01;31m[K^~~~~~~~~~[m[K
[3.087s] In file included from [01m[K/opt/ros/humble/include/sensor_msgs/sensor_msgs/msg/joint_state.hpp:7[m[K,
[3.087s]                  from [01m[K/home/ros/colcon_ws/src/q4d_teleop/src/q4d_teleop_rviz.cpp:28[m[K:
[3.087s] [01m[K/opt/ros/humble/include/sensor_msgs/sensor_msgs/msg/detail/joint_state__struct.hpp:167:7:[m[K [01;36m[Knote: [m[Kâ€˜[01m[Ksensor_msgs::msg::JointState[m[Kâ€™ declared here
[3.087s]   167 | using [01;36m[KJointState[m[K =
[3.087s]       |       [01;36m[K^~~~~~~~~~[m[K
[3.087s] [01m[K/home/ros/colcon_ws/src/q4d_teleop/src/q4d_teleop_rviz.cpp:50:55:[m[K [01;31m[Kerror: [m[Ktemplate argument 1 is invalid
[3.087s]    50 |         rclcpp::Subscription<std_msgs::msg::JointState[01;31m[K>[m[K::SharedPtr grpSub_;
[3.087s]       |                                                       [01;31m[K^[m[K
[3.087s] [01m[K/home/ros/colcon_ws/src/q4d_teleop/src/q4d_teleop_rviz.cpp:50:55:[m[K [01;31m[Kerror: [m[Ktemplate argument 3 is invalid
[3.087s] [01m[K/home/ros/colcon_ws/src/q4d_teleop/src/q4d_teleop_rviz.cpp:50:55:[m[K [01;31m[Kerror: [m[Ktemplate argument 4 is invalid
[3.087s] [01m[K/home/ros/colcon_ws/src/q4d_teleop/src/q4d_teleop_rviz.cpp:50:55:[m[K [01;31m[Kerror: [m[Ktemplate argument 5 is invalid
[3.087s] [01m[K/home/ros/colcon_ws/src/q4d_teleop/src/q4d_teleop_rviz.cpp:50:58:[m[K [01;31m[Kerror: [m[Kexpected â€˜[01m[K;[m[Kâ€™ at end of member declaration
[3.088s]    50 |         rclcpp::Subscription<std_msgs::msg::JointState>::[01;31m[KSharedPtr[m[K grpSub_;
[3.088s]       |                                                          [01;31m[K^~~~~~~~~[m[K
[3.088s]       |                                                                   [32m[K;[m[K
[3.092s] [01m[K/home/ros/colcon_ws/src/q4d_teleop/src/q4d_teleop_rviz.cpp:50:68:[m[K [01;31m[Kerror: [m[Kâ€˜[01m[KgrpSub_[m[Kâ€™ does not name a type
[3.092s]    50 |         rclcpp::Subscription<std_msgs::msg::JointState>::SharedPtr [01;31m[KgrpSub_[m[K;
[3.092s]       |                                                                    [01;31m[K^~~~~~~[m[K
[3.112s] [01m[K/home/ros/colcon_ws/src/q4d_teleop/src/q4d_teleop_rviz.cpp:[m[K In constructor â€˜[01m[KQ4dTeleop::Q4dTeleop()[m[Kâ€™:
[3.113s] [01m[K/home/ros/colcon_ws/src/q4d_teleop/src/q4d_teleop_rviz.cpp:80:9:[m[K [01;31m[Kerror: [m[Kâ€˜[01m[KgrpSub_[m[Kâ€™ was not declared in this scope
[3.113s]    80 |         [01;31m[KgrpSub_[m[K=create_subscription<std_msgs::msg::Float64>("gripper",100,std::bind(&Q4dTeleop::cCB,this,std::placeholders::_1));
[3.113s]       |         [01;31m[K^~~~~~~[m[K
[8.083s] gmake[2]: *** [CMakeFiles/q4d_teleop_rviz.dir/build.make:76: CMakeFiles/q4d_teleop_rviz.dir/src/q4d_teleop_rviz.cpp.o] Error 1
[8.083s] gmake[1]: *** [CMakeFiles/Makefile2:137: CMakeFiles/q4d_teleop_rviz.dir/all] Error 2
[8.083s] gmake: *** [Makefile:146: all] Error 2
[8.084s] Invoked command in '/home/ros/colcon_ws/build/q4d_teleop' returned '2': CMAKE_PREFIX_PATH=${CMAKE_PREFIX_PATH}:/opt/ros/humble /usr/bin/cmake --build /home/ros/colcon_ws/build/q4d_teleop -- -j3 -l3
