[01m[K/home/ros/colcon_ws/src/q4d_teleop/src/q4d_teleop_rviz.cpp:[m[K In constructor â€˜[01m[KQ4dTeleop::Q4dTeleop()[m[Kâ€™:
[01m[K/home/ros/colcon_ws/src/q4d_teleop/src/q4d_teleop_rviz.cpp:70:9:[m[K [01;31m[Kerror: [m[Kâ€˜[01m[KjointStatePub[m[Kâ€™ was not declared in this scope; did you mean â€˜[01m[KjointStatePub_[m[Kâ€™?
   70 |         [01;31m[KjointStatePub[m[K =create_publisher<sensor_msgs::msg::JointState>("joint_states",100); //MUDAR "JointState"
      |         [01;31m[K^~~~~~~~~~~~~[m[K
      |         [32m[KjointStatePub_[m[K
[01m[K/home/ros/colcon_ws/src/q4d_teleop/src/q4d_teleop_rviz.cpp:74:26:[m[K [01;31m[Kerror: [m[Kâ€˜[01m[Kusing _name_type = class std::vector<std::__cxx11::basic_string<char> >[m[Kâ€™ {aka â€˜[01m[Kclass std::vector<std::__cxx11::basic_string<char> >[m[Kâ€™} has no member named â€˜[01m[Kreside[m[Kâ€™; did you mean â€˜[01m[Kresize[m[Kâ€™?
   74 |         joint_state.name.[01;31m[Kreside[m[K(5);
      |                          [01;31m[K^~~~~~[m[K
      |                          [32m[Kresize[m[K
[01m[K/home/ros/colcon_ws/src/q4d_teleop/src/q4d_teleop_rviz.cpp:[m[K In member function â€˜[01m[Kvoid Q4dTeleop::clickCB(geometry_msgs::msg::PoseStamped_<std::allocator<void> >::SharedPtr)[m[Kâ€™:
[01m[K/home/ros/colcon_ws/src/q4d_teleop/src/q4d_teleop_rviz.cpp:121:9:[m[K [01;31m[Kerror: [m[Kâ€˜[01m[Kgoal[m[Kâ€™ was not declared in this scope; did you mean â€˜[01m[Kgoal_[m[Kâ€™?
  121 |         [01;31m[Kgoal[m[K = KDL::Frame(KDL::Rotation::Quaternion(click->pose.orientation.x,
      |         [01;31m[K^~~~[m[K
      |         [32m[Kgoal_[m[K
[01m[K/home/ros/colcon_ws/src/q4d_teleop/src/q4d_teleop_rviz.cpp:125:45:[m[K [01;31m[Kerror: [m[Kâ€˜[01m[Kpose[m[Kâ€™ was not declared in this scope
  125 |                           KDL::Vector(click>[01;31m[Kpose[m[K.position.x,click>pose.position.y,click->pose.position.z));
      |                                             [01;31m[K^~~~[m[K
gmake[2]: *** [CMakeFiles/q4d_teleop_rviz.dir/build.make:76: CMakeFiles/q4d_teleop_rviz.dir/src/q4d_teleop_rviz.cpp.o] Error 1
gmake[1]: *** [CMakeFiles/Makefile2:137: CMakeFiles/q4d_teleop_rviz.dir/all] Error 2
gmake: *** [Makefile:146: all] Error 2
